2026-06-15 00:13:34 [main] INFO  base.BaseTest - Initializing Browser via ThreadLocal...
2026-06-15 00:13:40 [main] INFO  utils.ActionUtils - Typed 'Gautam Kumar' into Name Input
2026-06-15 00:13:42 [main] INFO  utils.ActionUtils - Typed 'gautam@test.com' into Email Input
2026-06-15 00:13:44 [main] INFO  utils.ActionUtils - Typed '9999999999' into Phone Input
2026-06-15 00:13:46 [main] INFO  utils.ActionUtils - Typed 'Bangalore, India' into Address Input
2026-06-15 00:13:48 [main] INFO  utils.ActionUtils - Typed 'Test Data 1' into Section 1
2026-06-15 00:13:50 [main] INFO  utils.ActionUtils - Performed Click on: Section 1 Submit
2026-06-15 00:13:52 [main] INFO  utils.ActionUtils - Typed 'Test Data 2' into Section 2
2026-06-15 00:13:54 [main] INFO  utils.ActionUtils - Performed Click on: Section 2 Submit
2026-06-15 00:13:56 [main] INFO  utils.ActionUtils - Typed 'Test Data 3' into Section 3
2026-06-15 00:13:58 [main] INFO  utils.ActionUtils - Performed Click on: Section 3 Submit
2026-06-15 00:14:00 [main] INFO  utils.ActionUtils - Performed Click on: Male Radio Button
2026-06-15 00:14:02 [main] INFO  utils.ActionUtils - Performed Click on: Sunday Checkbox
2026-06-15 00:14:04 [main] INFO  utils.ActionUtils - Selected 'India' from Country Dropdown
2026-06-15 00:14:06 [main] INFO  utils.ActionUtils - Selected 'Blue' from Colors Dropdown
2026-06-15 00:14:08 [main] INFO  utils.ActionUtils - Selected 'Elephant' from Sorted List Dropdown
2026-06-15 00:14:10 [main] INFO  utils.ActionUtils - Typed '12/31/2026' into Date Picker 1
2026-06-15 00:14:12 [main] INFO  utils.ActionUtils - Entered Date into Date Picker 2 via script injection
2026-06-15 00:14:14 [main] INFO  utils.ActionUtils - Typed '01/01/2026' into Start Date Picker
2026-06-15 00:14:16 [main] INFO  utils.ActionUtils - Typed '12/31/2026' into End Date Picker
2026-06-15 00:14:18 [main] INFO  utils.ActionUtils - Performed Click on: Date Range Submit
2026-06-15 00:14:20 [main] INFO  utils.ActionUtils - Uploaded single file
2026-06-15 00:14:21 [main] INFO  utils.ActionUtils - Uploaded multiple files
2026-06-15 00:14:23 [main] INFO  utils.ActionUtils - Performed Click on: Simple Alert
2026-06-15 00:14:25 [main] INFO  utils.ActionUtils - Accepted Simple Alert
2026-06-15 00:14:27 [main] INFO  utils.ActionUtils - Performed Click on: Confirm Alert
2026-06-15 00:14:28 [main] INFO  utils.ActionUtils - Accepted Confirm Alert
2026-06-15 00:14:30 [main] INFO  utils.ActionUtils - Performed Click on: Prompt Alert
2026-06-15 00:14:32 [main] INFO  utils.ActionUtils - Injected text and Accepted Prompt Alert
2026-06-15 00:14:33 [main] INFO  base.BaseTest - Tearing down WebDriver instance.
2026-06-15 00:14:33 [main] INFO  base.BaseTest - Initializing Browser via ThreadLocal...
2026-06-15 00:14:38 [main] INFO  utils.ActionUtils - Typed 'Selenium' into Wikipedia Search Box
2026-06-15 00:14:40 [main] INFO  utils.ActionUtils - Performed Click on: Wikipedia Search Button
2026-06-15 00:14:42 [main] INFO  utils.ActionUtils - Performed Click on: Dynamic START Button
2026-06-15 00:14:44 [main] INFO  utils.ActionUtils - Performed Click on: Scrolling Dropdown Box
2026-06-15 00:14:47 [main] INFO  utils.ActionUtils - Injected Item 8 value directly into scrolling combobox input
2026-06-15 00:14:55 [main] INFO  utils.ActionUtils - Performed Click on: Page 4 Pagination
2026-06-15 00:14:57 [main] INFO  utils.ActionUtils - Performed Click on: Mouse Checkbox in Table
2026-06-15 00:14:59 [main] INFO  utils.ActionUtils - IFrame element verified safely
2026-06-15 00:14:59 [main] INFO  base.BaseTest - Tearing down WebDriver instance.
2026-06-15 00:25:05 [main] INFO  base.BaseTest - Initializing Browser via ThreadLocal...
2026-06-15 00:25:14 [main] INFO  utils.ActionUtils - Typed 'Gautam Kumar' into Name Input
2026-06-15 00:25:16 [main] INFO  utils.ActionUtils - Typed 'gautam@test.com' into Email Input
2026-06-15 00:25:18 [main] INFO  utils.ActionUtils - Typed '9999999999' into Phone Input
2026-06-15 00:25:20 [main] INFO  utils.ActionUtils - Typed 'Bangalore, India' into Address Input
2026-06-15 00:25:22 [main] INFO  utils.ActionUtils - Typed 'Test Data 1' into Section 1
2026-06-15 00:25:24 [main] INFO  utils.ActionUtils - Performed Click on: Section 1 Submit
2026-06-15 00:25:26 [main] INFO  utils.ActionUtils - Typed 'Test Data 2' into Section 2
2026-06-15 00:25:28 [main] INFO  utils.ActionUtils - Performed Click on: Section 2 Submit
2026-06-15 00:25:30 [main] INFO  utils.ActionUtils - Typed 'Test Data 3' into Section 3
2026-06-15 00:25:32 [main] INFO  utils.ActionUtils - Performed Click on: Section 3 Submit
2026-06-15 00:25:34 [main] INFO  utils.ActionUtils - Performed Click on: Male Radio Button
2026-06-15 00:25:36 [main] INFO  utils.ActionUtils - Performed Click on: Sunday Checkbox
2026-06-15 00:25:38 [main] INFO  utils.ActionUtils - Selected 'India' from Country Dropdown
2026-06-15 00:25:40 [main] INFO  utils.ActionUtils - Selected 'Blue' from Colors Dropdown
2026-06-15 00:25:42 [main] INFO  utils.ActionUtils - Selected 'Elephant' from Sorted List Dropdown
2026-06-15 00:25:44 [main] INFO  utils.ActionUtils - Typed '12/31/2026' into Date Picker 1
2026-06-15 00:25:46 [main] INFO  utils.ActionUtils - Entered Date into Date Picker 2 via script injection
2026-06-15 00:25:48 [main] INFO  utils.ActionUtils - Typed '01/01/2026' into Start Date Picker
2026-06-15 00:25:50 [main] INFO  utils.ActionUtils - Typed '12/31/2026' into End Date Picker
2026-06-15 00:25:52 [main] INFO  utils.ActionUtils - Performed Click on: Date Range Submit
2026-06-15 00:25:54 [main] INFO  utils.ActionUtils - Uploaded single file
2026-06-15 00:25:55 [main] INFO  utils.ActionUtils - Uploaded multiple files
2026-06-15 00:25:57 [main] INFO  utils.ActionUtils - Performed Click on: Simple Alert
2026-06-15 00:25:59 [main] INFO  utils.ActionUtils - Accepted Simple Alert
2026-06-15 00:26:01 [main] INFO  utils.ActionUtils - Performed Click on: Confirm Alert
2026-06-15 00:26:02 [main] INFO  utils.ActionUtils - Accepted Confirm Alert
2026-06-15 00:26:04 [main] INFO  utils.ActionUtils - Performed Click on: Prompt Alert
2026-06-15 00:26:06 [main] INFO  utils.ActionUtils - Injected text and Accepted Prompt Alert
2026-06-15 00:26:07 [main] INFO  base.BaseTest - Tearing down WebDriver instance.
2026-06-15 00:26:08 [main] INFO  base.BaseTest - Initializing Browser via ThreadLocal...
2026-06-15 00:26:13 [main] INFO  utils.ActionUtils - Typed 'Selenium' into Wikipedia Search Box
2026-06-15 00:26:15 [main] INFO  utils.ActionUtils - Performed Click on: Wikipedia Search Button
2026-06-15 00:26:17 [main] INFO  utils.ActionUtils - Performed Click on: Dynamic START Button
2026-06-15 00:26:19 [main] INFO  utils.ActionUtils - Performed Click on: Scrolling Dropdown Box
2026-06-15 00:26:22 [main] INFO  utils.ActionUtils - Injected Item 8 value directly into scrolling combobox input
2026-06-15 00:26:30 [main] INFO  utils.ActionUtils - Performed Click on: Page 4 Pagination
2026-06-15 00:26:32 [main] INFO  utils.ActionUtils - Performed Click on: Mouse Checkbox in Table
2026-06-15 00:26:33 [main] INFO  utils.ActionUtils - IFrame element verified safely
2026-06-15 00:26:33 [main] INFO  base.BaseTest - Tearing down WebDriver instance.
2026-06-15 00:31:28 [main] INFO  base.BaseTest - Initializing Browser via ThreadLocal...
2026-06-15 00:31:34 [main] INFO  utils.ActionUtils - Typed 'Gautam Kumar' into Name Input
2026-06-15 00:31:36 [main] INFO  utils.ActionUtils - Typed 'gk@test.com' into Email Input
2026-06-15 00:31:38 [main] INFO  utils.ActionUtils - Typed '9800000000' into Phone Input
2026-06-15 00:31:40 [main] INFO  utils.ActionUtils - Typed 'Tech Park, Bangalore' into Address Input
2026-06-15 00:31:42 [main] INFO  utils.ActionUtils - Typed 'Test Data 1' into Section 1
2026-06-15 00:31:44 [main] INFO  utils.ActionUtils - Performed Click on: Section 1 Submit
2026-06-15 00:31:46 [main] INFO  utils.ActionUtils - Typed 'Test Data 2' into Section 2
2026-06-15 00:31:48 [main] INFO  utils.ActionUtils - Performed Click on: Section 2 Submit
2026-06-15 00:31:50 [main] INFO  utils.ActionUtils - Typed 'Test Data 3' into Section 3
2026-06-15 00:31:52 [main] INFO  utils.ActionUtils - Performed Click on: Section 3 Submit
2026-06-15 00:31:54 [main] INFO  utils.ActionUtils - Performed Click on: Male Radio Button
2026-06-15 00:31:56 [main] INFO  utils.ActionUtils - Performed Click on: Sunday Checkbox
2026-06-15 00:31:58 [main] INFO  utils.ActionUtils - Selected 'India' from Country Dropdown
2026-06-15 00:32:00 [main] INFO  utils.ActionUtils - Selected 'Blue' from Colors Dropdown
2026-06-15 00:32:02 [main] INFO  utils.ActionUtils - Selected 'Elephant' from Sorted List Dropdown
2026-06-15 00:32:04 [main] INFO  utils.ActionUtils - Typed '12/31/2026' into Date Picker 1
2026-06-15 00:32:06 [main] INFO  utils.ActionUtils - Entered Date into Date Picker 2 via script injection
2026-06-15 00:32:08 [main] INFO  utils.ActionUtils - Typed '01/01/2026' into Start Date Picker
2026-06-15 00:32:10 [main] INFO  utils.ActionUtils - Typed '12/31/2026' into End Date Picker
2026-06-15 00:32:12 [main] INFO  utils.ActionUtils - Performed Click on: Date Range Submit
2026-06-15 00:32:13 [main] INFO  utils.ActionUtils - Uploaded single file
2026-06-15 00:32:15 [main] INFO  utils.ActionUtils - Uploaded multiple files
2026-06-15 00:32:17 [main] INFO  utils.ActionUtils - Performed Click on: Simple Alert
2026-06-15 00:32:18 [main] INFO  utils.ActionUtils - Accepted Simple Alert
2026-06-15 00:32:20 [main] INFO  utils.ActionUtils - Performed Click on: Confirm Alert
2026-06-15 00:32:22 [main] INFO  utils.ActionUtils - Accepted Confirm Alert
2026-06-15 00:32:24 [main] INFO  utils.ActionUtils - Performed Click on: Prompt Alert
2026-06-15 00:32:25 [main] INFO  utils.ActionUtils - Injected text and Accepted Prompt Alert
2026-06-15 00:32:27 [main] INFO  base.BaseTest - Tearing down WebDriver instance.
2026-06-15 00:32:27 [main] INFO  base.BaseTest - Initializing Browser via ThreadLocal...
2026-06-15 00:32:32 [main] INFO  utils.ActionUtils - Typed 'Selenium' into Wikipedia Search Box
2026-06-15 00:32:34 [main] INFO  utils.ActionUtils - Performed Click on: Wikipedia Search Button
2026-06-15 00:32:36 [main] INFO  utils.ActionUtils - Performed Click on: Dynamic START Button
2026-06-15 00:32:38 [main] INFO  utils.ActionUtils - Performed Click on: Scrolling Dropdown Box
2026-06-15 00:32:41 [main] INFO  utils.ActionUtils - Injected Item 8 value directly into scrolling combobox input
2026-06-15 00:32:49 [main] INFO  utils.ActionUtils - Performed Click on: Page 4 Pagination
2026-06-15 00:32:50 [main] INFO  utils.ActionUtils - Performed Click on: Mouse Checkbox in Table
2026-06-15 00:32:52 [main] INFO  utils.ActionUtils - IFrame element verified safely
2026-06-15 00:32:52 [main] INFO  base.BaseTest - Tearing down WebDriver instance.
2026-06-15 00:39:31 [main] INFO  base.BaseTest - Initializing Browser via ThreadLocal...
2026-06-15 00:39:38 [main] INFO  utils.ActionUtils - Typed 'Gautam Kumar' into Name Input
2026-06-15 00:39:40 [main] INFO  utils.ActionUtils - Typed 'gk@test.com' into Email Input
2026-06-15 00:39:42 [main] INFO  utils.ActionUtils - Typed '9800000000' into Phone Input
2026-06-15 00:39:44 [main] INFO  utils.ActionUtils - Typed 'Tech Park, Bangalore' into Address Input
2026-06-15 00:39:46 [main] INFO  utils.ActionUtils - Typed 'Test Data 1' into Section 1
2026-06-15 00:39:48 [main] INFO  utils.ActionUtils - Performed Click on: Section 1 Submit
2026-06-15 00:39:50 [main] INFO  utils.ActionUtils - Typed 'Test Data 2' into Section 2
2026-06-15 00:39:52 [main] INFO  utils.ActionUtils - Performed Click on: Section 2 Submit
2026-06-15 00:39:54 [main] INFO  utils.ActionUtils - Typed 'Test Data 3' into Section 3
2026-06-15 00:39:56 [main] INFO  utils.ActionUtils - Performed Click on: Section 3 Submit
2026-06-15 00:39:58 [main] INFO  utils.ActionUtils - Performed Click on: Male Radio Button
2026-06-15 00:40:00 [main] INFO  utils.ActionUtils - Performed Click on: Sunday Checkbox
2026-06-15 00:40:02 [main] INFO  utils.ActionUtils - Selected 'India' from Country Dropdown
2026-06-15 00:40:05 [main] INFO  utils.ActionUtils - Selected 'Blue' from Colors Dropdown
2026-06-15 00:40:07 [main] INFO  utils.ActionUtils - Selected 'Elephant' from Sorted List Dropdown
2026-06-15 00:40:09 [main] INFO  utils.ActionUtils - Typed '12/31/2026' into Date Picker 1
2026-06-15 00:40:11 [main] INFO  utils.ActionUtils - Entered Date into Date Picker 2 via script injection
2026-06-15 00:40:13 [main] INFO  utils.ActionUtils - Typed '01/01/2026' into Start Date Picker
2026-06-15 00:40:15 [main] INFO  utils.ActionUtils - Typed '12/31/2026' into End Date Picker
2026-06-15 00:40:17 [main] INFO  utils.ActionUtils - Performed Click on: Date Range Submit
2026-06-15 00:40:19 [main] INFO  utils.ActionUtils - Uploaded single file
2026-06-15 00:40:21 [main] INFO  utils.ActionUtils - Uploaded multiple files
2026-06-15 00:40:23 [main] INFO  utils.ActionUtils - Performed Click on: Simple Alert
2026-06-15 00:40:24 [main] INFO  utils.ActionUtils - Accepted Simple Alert
2026-06-15 00:40:26 [main] INFO  utils.ActionUtils - Performed Click on: Confirm Alert
2026-06-15 00:40:28 [main] INFO  utils.ActionUtils - Accepted Confirm Alert
2026-06-15 00:40:30 [main] INFO  utils.ActionUtils - Performed Click on: Prompt Alert
2026-06-15 00:40:31 [main] INFO  utils.ActionUtils - Injected text and Accepted Prompt Alert
2026-06-15 00:40:33 [main] INFO  base.BaseTest - Tearing down WebDriver instance.
2026-06-15 00:40:33 [main] INFO  base.BaseTest - Initializing Browser via ThreadLocal...
2026-06-15 00:40:38 [main] INFO  utils.ActionUtils - Typed 'Selenium' into Wikipedia Search Box
2026-06-15 00:40:40 [main] INFO  utils.ActionUtils - Performed Click on: Wikipedia Search Button
2026-06-15 00:40:42 [main] INFO  utils.ActionUtils - Performed Click on: Dynamic START Button
2026-06-15 00:40:44 [main] INFO  utils.ActionUtils - Performed Click on: Scrolling Dropdown Box
2026-06-15 00:40:47 [main] INFO  utils.ActionUtils - Injected Item 8 value directly into scrolling combobox input
2026-06-15 00:40:56 [main] INFO  utils.ActionUtils - Performed Click on: Page 4 Pagination
2026-06-15 00:40:58 [main] INFO  utils.ActionUtils - Performed Click on: Mouse Checkbox in Table
2026-06-15 00:40:59 [main] INFO  utils.ActionUtils - IFrame element verified safely
2026-06-15 00:41:00 [main] INFO  base.BaseTest - Tearing down WebDriver instance.
2026-06-15 00:43:28 [main] INFO  base.BaseTest - Initializing Browser via ThreadLocal...
2026-06-15 00:43:34 [main] INFO  utils.ActionUtils - Typed 'Gautam Kumar' into Name Input
2026-06-15 00:43:36 [main] INFO  utils.ActionUtils - Typed 'gk@test.com' into Email Input
2026-06-15 00:43:38 [main] INFO  utils.ActionUtils - Typed '9800000000' into Phone Input
2026-06-15 00:43:40 [main] INFO  utils.ActionUtils - Typed 'Tech Park, Bangalore' into Address Input
2026-06-15 00:43:42 [main] INFO  utils.ActionUtils - Typed 'Test Data 1' into Section 1
2026-06-15 00:43:44 [main] INFO  utils.ActionUtils - Performed Click on: Section 1 Submit
2026-06-15 00:43:46 [main] INFO  utils.ActionUtils - Typed 'Test Data 2' into Section 2
2026-06-15 00:43:48 [main] INFO  utils.ActionUtils - Performed Click on: Section 2 Submit
2026-06-15 00:43:50 [main] INFO  utils.ActionUtils - Typed 'Test Data 3' into Section 3
2026-06-15 00:43:52 [main] INFO  utils.ActionUtils - Performed Click on: Section 3 Submit
2026-06-15 00:43:54 [main] INFO  utils.ActionUtils - Performed Click on: Male Radio Button
2026-06-15 00:43:56 [main] INFO  utils.ActionUtils - Performed Click on: Sunday Checkbox
2026-06-15 00:43:59 [main] INFO  utils.ActionUtils - Selected 'India' from Country Dropdown
2026-06-15 00:44:01 [main] INFO  utils.ActionUtils - Selected 'Blue' from Colors Dropdown
2026-06-15 00:44:03 [main] INFO  utils.ActionUtils - Selected 'Elephant' from Sorted List Dropdown
2026-06-15 00:44:05 [main] INFO  utils.ActionUtils - Typed '12/31/2026' into Date Picker 1
2026-06-15 00:44:07 [main] INFO  utils.ActionUtils - Entered Date into Date Picker 2 via script injection
2026-06-15 00:44:09 [main] INFO  utils.ActionUtils - Typed '01/01/2026' into Start Date Picker
2026-06-15 00:44:11 [main] INFO  utils.ActionUtils - Typed '12/31/2026' into End Date Picker
2026-06-15 00:44:13 [main] INFO  utils.ActionUtils - Performed Click on: Date Range Submit
2026-06-15 00:44:15 [main] INFO  utils.ActionUtils - Uploaded single file
2026-06-15 00:44:17 [main] INFO  utils.ActionUtils - Uploaded multiple files
2026-06-15 00:44:19 [main] INFO  utils.ActionUtils - Performed Click on: Simple Alert
2026-06-15 00:44:20 [main] INFO  utils.ActionUtils - Accepted Simple Alert
2026-06-15 00:44:22 [main] INFO  utils.ActionUtils - Performed Click on: Confirm Alert
2026-06-15 00:44:24 [main] INFO  utils.ActionUtils - Accepted Confirm Alert
2026-06-15 00:44:26 [main] INFO  utils.ActionUtils - Performed Click on: Prompt Alert
2026-06-15 00:44:27 [main] INFO  utils.ActionUtils - Injected text and Accepted Prompt Alert
2026-06-15 00:44:29 [main] INFO  base.BaseTest - Tearing down WebDriver instance.
2026-06-15 00:44:29 [main] INFO  base.BaseTest - Initializing Browser via ThreadLocal...
2026-06-15 00:44:34 [main] INFO  utils.ActionUtils - Typed 'Selenium' into Wikipedia Search Box
2026-06-15 00:44:36 [main] INFO  utils.ActionUtils - Performed Click on: Wikipedia Search Button
2026-06-15 00:44:38 [main] INFO  utils.ActionUtils - Performed Click on: Dynamic START Button
2026-06-15 00:44:40 [main] INFO  utils.ActionUtils - Performed Click on: Scrolling Dropdown Box
2026-06-15 00:44:43 [main] INFO  utils.ActionUtils - Injected Item 8 value directly into scrolling combobox input
2026-06-15 00:44:52 [main] INFO  utils.ActionUtils - Performed Click on: Page 4 Pagination
2026-06-15 00:44:54 [main] INFO  utils.ActionUtils - Performed Click on: Mouse Checkbox in Table
2026-06-15 00:44:55 [main] INFO  utils.ActionUtils - IFrame element verified safely
2026-06-15 00:44:56 [main] INFO  base.BaseTest - Tearing down WebDriver instance.
